<html>
<head>
<title>TestNG:  Calculator</title>
<link href="../testng.css" rel="stylesheet" type="text/css" />
<link href="../my-testng.css" rel="stylesheet" type="text/css" />

<style type="text/css">
.log { display: none;} 
.stack-trace { display: none;} 
</style>
<script type="text/javascript">
<!--
function flip(e) {
  current = e.style.display;
  if (current == 'block') {
    e.style.display = 'none';
    return 0;
  }
  else {
    e.style.display = 'block';
    return 1;
  }
}

function toggleBox(szDivId, elem, msg1, msg2)
{
  var res = -1;  if (document.getElementById) {
    res = flip(document.getElementById(szDivId));
  }
  else if (document.all) {
    // this is the way old msie versions work
    res = flip(document.all[szDivId]);
  }
  if(elem) {
    if(res == 0) elem.innerHTML = msg1; else elem.innerHTML = msg2;
  }

}

function toggleAllBoxes() {
  if (document.getElementsByTagName) {
    d = document.getElementsByTagName('div');
    for (i = 0; i < d.length; i++) {
      if (d[i].className == 'log') {
        flip(d[i]);
      }
    }
  }
}

// -->
</script>

</head>
<body>
<h2 align='center'>Calculator</h2><table border='1' align="center">
<tr>
<td>Tests passed/Failed/Skipped:</td><td>2/1/0</td>
</tr><tr>
<td>Started on:</td><td>Mon Mar 12 01:35:18 MSK 2018</td>
</tr>
<tr><td>Total time:</td><td>49 seconds (49018 ms)</td>
</tr><tr>
<td>Included groups:</td><td></td>
</tr><tr>
<td>Excluded groups:</td><td></td>
</tr>
</table><p/>
<small><i>(Hover the method name to see the test class name)</i></small><p/>
<table width='100%' border='1' class='invocation-failed'>
<tr><td colspan='4' align='center'><b>FAILED TESTS</b></td></tr>
<tr><td><b>Test method</b></td>
<td width="30%"><b>Exception</b></td>
<td width="10%"><b>Time (seconds)</b></td>
<td><b>Instance</b></td>
</tr>
<tr>
<td title='com.thecalculatorsite.test.cucumber.CalculatorFeatureTest.feature()'><b>feature</b><br>Test class: com.thecalculatorsite.test.cucumber.CalculatorFeatureTest<br>Test method: Runs Cucumber Feature<br>Parameters: Loan Payoff Calculator</td>
<td><div><pre>cucumber.runtime.CucumberException: java.lang.AssertionError: expected [$12.13] but found [dollar12.13]
	at cucumber.api.testng.TestNGCucumberRunner.runCucumber(TestNGCucumberRunner.java:69)
	at com.thecalculatorsite.test.cucumber.CalculatorFeatureTest.feature(CalculatorFeatureTest.java:37)
	at com.thecalculatorsite.framework.core.runner.Runner.run(Runner.java:53)
	at com.thecalculatorsite.framework.core.runner.Runner.main(Runner.java:22)
	at org.codehaus.mojo.exec.ExecJavaMojo$1.run(ExecJavaMojo.java:282)
	at java.lang.Thread.run(Thread.java:745)
Caused by: java.lang.AssertionError: expected [$12.13] but found [dollar12.13]
	at com.thecalculatorsite.stepdefs.CalculatorPageSteps.lambda$loanPayoffCalculationResultIs$2(CalculatorPageSteps.java:179)
	at java.util.Iterator.forEachRemaining(Iterator.java:116)
	at java.util.Spliterators$IteratorSpliterator.forEachRemaining(Spliterators.java:1801)
	at java.util.stream.ReferencePipeline$Head.forEach(ReferencePipeline.java:580)
	at com.thecalculatorsite.stepdefs.CalculatorPageSteps.loanPayoffCalculationResultIs(CalculatorPageSteps.java:178)
	at ✽.And loan payoff calculation result is:(loan.payoff.calc/loanPayoffCalculator.feature:65)
... Removed 31 stack frames</pre></div><a href='#' onClick='toggleBox("stack-trace934641321", this, "Click to show all stack frames", "Click to hide stack frames")'>Click to show all stack frames</a>
<div class='stack-trace' id='stack-trace934641321'><pre>cucumber.runtime.CucumberException: java.lang.AssertionError: expected [$12.13] but found [dollar12.13]
	at cucumber.api.testng.TestNGCucumberRunner.runCucumber(TestNGCucumberRunner.java:69)
	at com.thecalculatorsite.test.cucumber.CalculatorFeatureTest.feature(CalculatorFeatureTest.java:37)
	at sun.reflect.NativeMethodAccessorImpl.invoke0(Native Method)
	at sun.reflect.NativeMethodAccessorImpl.invoke(NativeMethodAccessorImpl.java:62)
	at sun.reflect.DelegatingMethodAccessorImpl.invoke(DelegatingMethodAccessorImpl.java:43)
	at java.lang.reflect.Method.invoke(Method.java:498)
	at org.testng.internal.MethodInvocationHelper.invokeMethod(MethodInvocationHelper.java:124)
	at org.testng.internal.Invoker.invokeMethod(Invoker.java:580)
	at org.testng.internal.Invoker.invokeTestMethod(Invoker.java:716)
	at org.testng.internal.Invoker.invokeTestMethods(Invoker.java:988)
	at org.testng.internal.TestMethodWorker.invokeTestMethods(TestMethodWorker.java:125)
	at org.testng.internal.TestMethodWorker.run(TestMethodWorker.java:109)
	at org.testng.TestRunner.privateRun(TestRunner.java:648)
	at org.testng.TestRunner.run(TestRunner.java:505)
	at org.testng.SuiteRunner.runTest(SuiteRunner.java:455)
	at org.testng.SuiteRunner.runSequentially(SuiteRunner.java:450)
	at org.testng.SuiteRunner.privateRun(SuiteRunner.java:415)
	at org.testng.SuiteRunner.run(SuiteRunner.java:364)
	at org.testng.SuiteRunnerWorker.runSuite(SuiteRunnerWorker.java:52)
	at org.testng.SuiteRunnerWorker.run(SuiteRunnerWorker.java:84)
	at org.testng.TestNG.runSuitesSequentially(TestNG.java:1208)
	at org.testng.TestNG.runSuitesLocally(TestNG.java:1137)
	at org.testng.TestNG.runSuites(TestNG.java:1049)
	at org.testng.TestNG.run(TestNG.java:1017)
	at com.thecalculatorsite.framework.core.runner.Runner.run(Runner.java:53)
	at com.thecalculatorsite.framework.core.runner.Runner.main(Runner.java:22)
	at sun.reflect.NativeMethodAccessorImpl.invoke0(Native Method)
	at sun.reflect.NativeMethodAccessorImpl.invoke(NativeMethodAccessorImpl.java:62)
	at sun.reflect.DelegatingMethodAccessorImpl.invoke(DelegatingMethodAccessorImpl.java:43)
	at java.lang.reflect.Method.invoke(Method.java:498)
	at org.codehaus.mojo.exec.ExecJavaMojo$1.run(ExecJavaMojo.java:282)
	at java.lang.Thread.run(Thread.java:745)
Caused by: java.lang.AssertionError: expected [$12.13] but found [dollar12.13]
	at org.testng.Assert.fail(Assert.java:96)
	at org.testng.Assert.failNotEquals(Assert.java:776)
	at org.testng.Assert.assertEqualsImpl(Assert.java:137)
	at org.testng.Assert.assertEquals(Assert.java:118)
	at org.testng.Assert.assertEquals(Assert.java:442)
	at com.thecalculatorsite.stepdefs.CalculatorPageSteps.lambda$loanPayoffCalculationResultIs$2(CalculatorPageSteps.java:179)
	at java.util.Iterator.forEachRemaining(Iterator.java:116)
	at java.util.Spliterators$IteratorSpliterator.forEachRemaining(Spliterators.java:1801)
	at java.util.stream.ReferencePipeline$Head.forEach(ReferencePipeline.java:580)
	at com.thecalculatorsite.stepdefs.CalculatorPageSteps.loanPayoffCalculationResultIs(CalculatorPageSteps.java:178)
	at ✽.And loan payoff calculation result is:(loan.payoff.calc/loanPayoffCalculator.feature:65)
</pre></div></td>
<td>9</td>
<td>com.thecalculatorsite.test.cucumber.CalculatorFeatureTest@535e8ecd</td></tr>
</table><p>
<table width='100%' border='1' class='invocation-passed'>
<tr><td colspan='4' align='center'><b>PASSED TESTS</b></td></tr>
<tr><td><b>Test method</b></td>
<td width="30%"><b>Exception</b></td>
<td width="10%"><b>Time (seconds)</b></td>
<td><b>Instance</b></td>
</tr>
<tr>
<td title='com.thecalculatorsite.test.cucumber.CalculatorFeatureTest.feature()'><b>feature</b><br>Test class: com.thecalculatorsite.test.cucumber.CalculatorFeatureTest<br>Test method: Runs Cucumber Feature<br>Parameters: Loan Payment Calculator Graphs</td>
<td></td>
<td>9</td>
<td>com.thecalculatorsite.test.cucumber.CalculatorFeatureTest@535e8ecd</td></tr>
<tr>
<td title='com.thecalculatorsite.test.cucumber.CalculatorFeatureTest.feature()'><b>feature</b><br>Test class: com.thecalculatorsite.test.cucumber.CalculatorFeatureTest<br>Test method: Runs Cucumber Feature<br>Parameters: Loan Payment Calculator</td>
<td></td>
<td>12</td>
<td>com.thecalculatorsite.test.cucumber.CalculatorFeatureTest@535e8ecd</td></tr>
</table><p>
</body>
</html>