<?xml version="1.0" encoding="UTF-8"?>
<!-- Generated by org.testng.reporters.JUnitXMLReporter -->
<testsuite hostname="gigla" ignored="0" name="Calculator" tests="3" failures="1" timestamp="11 мар 2018 22:36:07 GMT" time="49.018" errors="0">
  <testcase name="feature" time="9.331" classname="com.thecalculatorsite.test.cucumber.CalculatorFeatureTest"/>
  <testcase name="feature" time="12.11" classname="com.thecalculatorsite.test.cucumber.CalculatorFeatureTest"/>
  <testcase name="feature" time="9.35" classname="com.thecalculatorsite.test.cucumber.CalculatorFeatureTest">
    <failure type="cucumber.runtime.CucumberException" message="java.lang.AssertionError: expected [$12.13] but found [dollar12.13]">
      <![CDATA[cucumber.runtime.CucumberException: java.lang.AssertionError: expected [$12.13] but found [dollar12.13]
at cucumber.api.testng.TestNGCucumberRunner.runCucumber(TestNGCucumberRunner.java:69)
at com.thecalculatorsite.test.cucumber.CalculatorFeatureTest.feature(CalculatorFeatureTest.java:37)
at com.thecalculatorsite.framework.core.runner.Runner.run(Runner.java:53)
at com.thecalculatorsite.framework.core.runner.Runner.main(Runner.java:22)
at org.codehaus.mojo.exec.ExecJavaMojo$1.run(ExecJavaMojo.java:282)
at java.lang.Thread.run(Thread.java:745)
Caused by: java.lang.AssertionError: expected [$12.13] but found [dollar12.13]
at com.thecalculatorsite.stepdefs.CalculatorPageSteps.lambda$loanPayoffCalculationResultIs$2(CalculatorPageSteps.java:179)
at java.util.Iterator.forEachRemaining(Iterator.java:116)
at java.util.Spliterators$IteratorSpliterator.forEachRemaining(Spliterators.java:1801)
at java.util.stream.ReferencePipeline$Head.forEach(ReferencePipeline.java:580)
at com.thecalculatorsite.stepdefs.CalculatorPageSteps.loanPayoffCalculationResultIs(CalculatorPageSteps.java:178)
at ✽.And loan payoff calculation result is:(loan.payoff.calc/loanPayoffCalculator.feature:65)
... Removed 31 stack frames]]>
    </failure>
  </testcase> <!-- feature -->
</testsuite> <!-- Calculator -->
